Program c:\envios rafago\respgestnor\ges2007\comunes.prg has the following errors:
    Unknown XVECTEX - Undefined
    Proc./Func. XMENUFIDEI - Undefined
    Proc./Func. IMPTABLA - Undefined

Program c:\envios rafago\respgestnor\ges2007\xturnado.prg has the following errors:
    Unknown ASTTUR - Undefined
    Unknown AINSTRUCC - Undefined
    Unknown ATIPTUR - Undefined

Program c:\envios rafago\respgestnor\ges2007\repgest.prg has the following errors:
    Unknown ASTTUR - Undefined
    Unknown ASTATUS - Undefined
    Unknown ACVEAREA - Undefined

Program c:\envios rafago\respgestnor\ges2007\repgest.prg has the following errors:
    Unknown ASTTUR - Undefined
    Unknown ASTATUS - Undefined
    Unknown ACVEAREA - Undefined

Program c:\envios rafago\respgestnor\ges2007\repgest.prg has the following errors:
    Unknown ASTTUR - Undefined
    Unknown ASTATUS - Undefined
    Unknown ACVEAREA - Undefined

Program c:\envios rafago\respgestnor\ges2007\repgest.prg has the following errors:
    Unknown ASTTUR - Undefined
    Unknown ASTATUS - Undefined
    Unknown ACVEAREA - Undefined

Program c:\envios rafago\respgestnor\ges2007\repgest.prg has the following errors:
    Unknown ASTTUR - Undefined
    Unknown ASTATUS - Undefined
    Unknown ACVEAREA - Undefined

